<?xml version="1.0" encoding="UTF-8"?>
<testng-results ignored="0" total="2" passed="2" failed="0" skipped="0">
  <reporter-output>
  </reporter-output>
  <suite started-at="2020-02-05T17:48:28 IST" name="Default suite" finished-at="2020-02-05T17:49:12 IST" duration-ms="44380">
    <groups>
    </groups>
    <test started-at="2020-02-05T17:48:28 IST" name="Default test" finished-at="2020-02-05T17:49:12 IST" duration-ms="44380">
      <class name="Testcases.Loginpage_testcase">
        <test-method is-config="true" signature="setup()[pri:0, instance:Testcases.Loginpage_testcase@2133814f]" started-at="2020-02-05T17:48:28 IST" name="setup" finished-at="2020-02-05T17:48:39 IST" duration-ms="10923" status="PASS">
          <reporter-output>
          </reporter-output>
        </test-method> <!-- setup -->
        <test-method signature="assignment2()[pri:1, instance:Testcases.Loginpage_testcase@2133814f]" started-at="2020-02-05T17:48:39 IST" name="assignment2" finished-at="2020-02-05T17:48:48 IST" duration-ms="9372" status="PASS">
          <reporter-output>
          </reporter-output>
        </test-method> <!-- assignment2 -->
        <test-method is-config="true" signature="teardown()[pri:0, instance:Testcases.Loginpage_testcase@2133814f]" started-at="2020-02-05T17:48:48 IST" name="teardown" finished-at="2020-02-05T17:48:49 IST" duration-ms="754" status="PASS">
          <reporter-output>
          </reporter-output>
        </test-method> <!-- teardown -->
        <test-method is-config="true" signature="setup()[pri:0, instance:Testcases.Loginpage_testcase@2133814f]" started-at="2020-02-05T17:48:49 IST" name="setup" finished-at="2020-02-05T17:48:57 IST" duration-ms="8275" status="PASS">
          <reporter-output>
          </reporter-output>
        </test-method> <!-- setup -->
        <test-method signature="assignment1()[pri:2, instance:Testcases.Loginpage_testcase@2133814f]" started-at="2020-02-05T17:48:57 IST" name="assignment1" finished-at="2020-02-05T17:49:12 IST" duration-ms="14277" status="PASS">
          <reporter-output>
          </reporter-output>
        </test-method> <!-- assignment1 -->
        <test-method is-config="true" signature="teardown()[pri:0, instance:Testcases.Loginpage_testcase@2133814f]" started-at="2020-02-05T17:49:12 IST" name="teardown" finished-at="2020-02-05T17:49:12 IST" duration-ms="726" status="PASS">
          <reporter-output>
          </reporter-output>
        </test-method> <!-- teardown -->
      </class> <!-- Testcases.Loginpage_testcase -->
    </test> <!-- Default test -->
  </suite> <!-- Default suite -->
</testng-results>
